2023-05-25 23:53:35,838 p=742 u=ec2-user n=ansible | 44.197.123.55 | UNREACHABLE! => {
    "changed": false,
    "msg": "Failed to connect to the host via ssh: ssh: connect to host 44.197.123.55 port 22: Connection timed out",
    "unreachable": true
}
2023-05-25 23:53:35,846 p=742 u=ec2-user n=ansible | 54.224.13.215 | UNREACHABLE! => {
    "changed": false,
    "msg": "Failed to connect to the host via ssh: ssh: connect to host 54.224.13.215 port 22: Connection timed out",
    "unreachable": true
}
2023-05-25 23:56:28,683 p=918 u=ec2-user n=ansible | 3.237.102.215 | UNREACHABLE! => {
    "changed": false,
    "msg": "Failed to connect to the host via ssh: Warning: Permanently added '3.237.102.215' (ECDSA) to the list of known hosts.\r\nno such identity: /home/ec2-user/keypair.pem: No such file or directory\r\nPermission denied (publickey,gssapi-keyex,gssapi-with-mic).",
    "unreachable": true
}
2023-05-25 23:56:28,686 p=918 u=ec2-user n=ansible | 34.227.171.125 | UNREACHABLE! => {
    "changed": false,
    "msg": "Failed to connect to the host via ssh: Warning: Permanently added '34.227.171.125' (ECDSA) to the list of known hosts.\r\nno such identity: /home/ec2-user/keypair.pem: No such file or directory\r\nPermission denied (publickey,gssapi-keyex,gssapi-with-mic).",
    "unreachable": true
}
2023-05-25 23:59:13,744 p=1128 u=ec2-user n=ansible | 3.237.102.215 | UNREACHABLE! => {
    "changed": false,
    "msg": "Failed to connect to the host via ssh: no such identity: /home/ec2-user/keypair.pem: No such file or directory\r\nPermission denied (publickey,gssapi-keyex,gssapi-with-mic).",
    "unreachable": true
}
2023-05-25 23:59:13,776 p=1128 u=ec2-user n=ansible | 34.227.171.125 | UNREACHABLE! => {
    "changed": false,
    "msg": "Failed to connect to the host via ssh: no such identity: /home/ec2-user/keypair.pem: No such file or directory\r\nPermission denied (publickey,gssapi-keyex,gssapi-with-mic).",
    "unreachable": true
}
2023-05-26 00:06:04,047 p=1508 u=ec2-user n=ansible | 3.237.102.215 | UNREACHABLE! => {
    "changed": false,
    "msg": "Failed to connect to the host via ssh: no such identity: /home/ec2-user/keypair.pem: No such file or directory\r\nPermission denied (publickey,gssapi-keyex,gssapi-with-mic).",
    "unreachable": true
}
2023-05-26 00:06:04,064 p=1508 u=ec2-user n=ansible | 34.227.171.125 | UNREACHABLE! => {
    "changed": false,
    "msg": "Failed to connect to the host via ssh: no such identity: /home/ec2-user/keypair.pem: No such file or directory\r\nPermission denied (publickey,gssapi-keyex,gssapi-with-mic).",
    "unreachable": true
}
2023-05-26 00:07:26,623 p=1586 u=ec2-user n=ansible | 3.237.102.215 | UNREACHABLE! => {
    "changed": false,
    "msg": "Failed to connect to the host via ssh: no such identity: /home/ec2-user/keypair.pem: No such file or directory\r\nPermission denied (publickey,gssapi-keyex,gssapi-with-mic).",
    "unreachable": true
}
2023-05-26 00:07:26,631 p=1586 u=ec2-user n=ansible | 34.227.171.125 | UNREACHABLE! => {
    "changed": false,
    "msg": "Failed to connect to the host via ssh: no such identity: /home/ec2-user/keypair.pem: No such file or directory\r\nPermission denied (publickey,gssapi-keyex,gssapi-with-mic).",
    "unreachable": true
}
2023-05-26 00:10:17,903 p=1676 u=ec2-user n=ansible | 3.237.102.215 | UNREACHABLE! => {
    "changed": false,
    "msg": "Failed to connect to the host via ssh: no such identity: /home/ec2-user/keypair.pem: No such file or directory\r\nPermission denied (publickey,gssapi-keyex,gssapi-with-mic).",
    "unreachable": true
}
2023-05-26 00:10:17,920 p=1676 u=ec2-user n=ansible | 34.227.171.125 | UNREACHABLE! => {
    "changed": false,
    "msg": "Failed to connect to the host via ssh: no such identity: /home/ec2-user/keypair.pem: No such file or directory\r\nPermission denied (publickey,gssapi-keyex,gssapi-with-mic).",
    "unreachable": true
}
2023-05-26 00:10:22,076 p=1705 u=ec2-user n=ansible | 3.237.102.215 | UNREACHABLE! => {
    "changed": false,
    "msg": "Failed to connect to the host via ssh: no such identity: /home/ec2-user/keypair.pem: No such file or directory\r\nPermission denied (publickey,gssapi-keyex,gssapi-with-mic).",
    "unreachable": true
}
2023-05-26 00:10:22,087 p=1705 u=ec2-user n=ansible | 34.227.171.125 | UNREACHABLE! => {
    "changed": false,
    "msg": "Failed to connect to the host via ssh: no such identity: /home/ec2-user/keypair.pem: No such file or directory\r\nPermission denied (publickey,gssapi-keyex,gssapi-with-mic).",
    "unreachable": true
}
2023-05-31 20:06:04,854 p=3097 u=ec2-user n=ansible | 34.227.171.125 | UNREACHABLE! => {
    "changed": false,
    "msg": "Failed to connect to the host via ssh: @@@@@@@@@@@@@@@@@@@@@@@@@@@@@@@@@@@@@@@@@@@@@@@@@@@@@@@@@@@\r\n@    WARNING: REMOTE HOST IDENTIFICATION HAS CHANGED!     @\r\n@@@@@@@@@@@@@@@@@@@@@@@@@@@@@@@@@@@@@@@@@@@@@@@@@@@@@@@@@@@\r\nIT IS POSSIBLE THAT SOMEONE IS DOING SOMETHING NASTY!\r\nSomeone could be eavesdropping on you right now (man-in-the-middle attack)!\r\nIt is also possible that a host key has just been changed.\r\nThe fingerprint for the ECDSA key sent by the remote host is\nSHA256:D2RZlNQ81xK0LkazRHtkcBpN5DnOAjWeWigqJuk+RwM.\r\nPlease contact your system administrator.\r\nAdd correct host key in /home/ec2-user/.ssh/known_hosts to get rid of this message.\r\nOffending ECDSA key in /home/ec2-user/.ssh/known_hosts:2\r\nChallenge/response authentication is disabled to avoid man-in-the-middle attacks.\r\nno such identity: /home/ec2-user/keypair.pem: No such file or directory\r\nPermission denied (publickey,gssapi-keyex,gssapi-with-mic).",
    "unreachable": true
}
2023-05-31 20:06:14,778 p=3097 u=ec2-user n=ansible | 3.237.102.215 | UNREACHABLE! => {
    "changed": false,
    "msg": "Failed to connect to the host via ssh: ssh: connect to host 3.237.102.215 port 22: Connection timed out",
    "unreachable": true
}
2023-05-31 20:09:46,257 p=3200 u=ec2-user n=ansible | 34.227.171.125 | UNREACHABLE! => {
    "changed": false,
    "msg": "Failed to connect to the host via ssh: @@@@@@@@@@@@@@@@@@@@@@@@@@@@@@@@@@@@@@@@@@@@@@@@@@@@@@@@@@@\r\n@    WARNING: REMOTE HOST IDENTIFICATION HAS CHANGED!     @\r\n@@@@@@@@@@@@@@@@@@@@@@@@@@@@@@@@@@@@@@@@@@@@@@@@@@@@@@@@@@@\r\nIT IS POSSIBLE THAT SOMEONE IS DOING SOMETHING NASTY!\r\nSomeone could be eavesdropping on you right now (man-in-the-middle attack)!\r\nIt is also possible that a host key has just been changed.\r\nThe fingerprint for the ECDSA key sent by the remote host is\nSHA256:D2RZlNQ81xK0LkazRHtkcBpN5DnOAjWeWigqJuk+RwM.\r\nPlease contact your system administrator.\r\nAdd correct host key in /home/ec2-user/.ssh/known_hosts to get rid of this message.\r\nOffending ECDSA key in /home/ec2-user/.ssh/known_hosts:2\r\nChallenge/response authentication is disabled to avoid man-in-the-middle attacks.\r\nno such identity: /home/ec2-user/keypair.pem: No such file or directory\r\nPermission denied (publickey,gssapi-keyex,gssapi-with-mic).",
    "unreachable": true
}
2023-05-31 20:09:56,172 p=3200 u=ec2-user n=ansible | 3.237.102.215 | UNREACHABLE! => {
    "changed": false,
    "msg": "Failed to connect to the host via ssh: ssh: connect to host 3.237.102.215 port 22: Connection timed out",
    "unreachable": true
}
2023-05-31 20:17:56,218 p=3387 u=ec2-user n=ansible | 44.196.58.204 | UNREACHABLE! => {
    "changed": false,
    "msg": "Failed to connect to the host via ssh: Warning: Permanently added '44.196.58.204' (ECDSA) to the list of known hosts.\r\nno such identity: /home/ec2-user/keypair.pem: No such file or directory\r\nPermission denied (publickey,gssapi-keyex,gssapi-with-mic).",
    "unreachable": true
}
2023-05-31 20:17:56,221 p=3387 u=ec2-user n=ansible | 52.90.242.69 | UNREACHABLE! => {
    "changed": false,
    "msg": "Failed to connect to the host via ssh: Warning: Permanently added '52.90.242.69' (ECDSA) to the list of known hosts.\r\nno such identity: /home/ec2-user/keypair.pem: No such file or directory\r\nPermission denied (publickey,gssapi-keyex,gssapi-with-mic).",
    "unreachable": true
}
2023-05-31 20:19:26,490 p=3485 u=ec2-user n=ansible | 44.196.58.204 | UNREACHABLE! => {
    "changed": false,
    "msg": "Failed to connect to the host via ssh: no such identity: /home/ec2-user/keypair.pem: No such file or directory\r\nPermission denied (publickey,gssapi-keyex,gssapi-with-mic).",
    "unreachable": true
}
2023-05-31 20:19:26,506 p=3485 u=ec2-user n=ansible | 52.90.242.69 | UNREACHABLE! => {
    "changed": false,
    "msg": "Failed to connect to the host via ssh: no such identity: /home/ec2-user/keypair.pem: No such file or directory\r\nPermission denied (publickey,gssapi-keyex,gssapi-with-mic).",
    "unreachable": true
}
2023-05-31 20:29:28,711 p=5259 u=ec2-user n=ansible | 44.196.58.204 | UNREACHABLE! => {
    "changed": false,
    "msg": "Failed to connect to the host via ssh: no such identity: /home/ec2-user/keypair.pem: No such file or directory\r\nPermission denied (publickey,gssapi-keyex,gssapi-with-mic).",
    "unreachable": true
}
2023-05-31 20:29:28,721 p=5259 u=ec2-user n=ansible | 52.90.242.69 | UNREACHABLE! => {
    "changed": false,
    "msg": "Failed to connect to the host via ssh: no such identity: /home/ec2-user/keypair.pem: No such file or directory\r\nPermission denied (publickey,gssapi-keyex,gssapi-with-mic).",
    "unreachable": true
}
2023-05-31 20:39:43,147 p=5715 u=ec2-user n=ansible | 52.90.242.69 | SUCCESS => {
    "ansible_facts": {
        "discovered_interpreter_python": "/usr/bin/python"
    },
    "changed": false,
    "ping": "pong"
}
2023-05-31 20:39:43,309 p=5715 u=ec2-user n=ansible | 44.196.58.204 | SUCCESS => {
    "ansible_facts": {
        "discovered_interpreter_python": "/usr/bin/python"
    },
    "changed": false,
    "ping": "pong"
}
2023-05-31 21:10:52,061 p=6715 u=ec2-user n=ansible | PLAY [qaserver] **********************************************************************************************************************************************
2023-05-31 21:10:52,076 p=6715 u=ec2-user n=ansible | TASK [Gathering Facts] ***************************************************************************************************************************************
2023-05-31 21:10:54,667 p=6715 u=ec2-user n=ansible | ok: [44.196.58.204]
2023-05-31 21:10:54,690 p=6715 u=ec2-user n=ansible | TASK [apache : Install Apache] *******************************************************************************************************************************
2023-05-31 21:10:56,694 p=6715 u=ec2-user n=ansible | changed: [44.196.58.204]
2023-05-31 21:10:56,710 p=6715 u=ec2-user n=ansible | TASK [apache : copy index file] ******************************************************************************************************************************
2023-05-31 21:10:56,806 p=6715 u=ec2-user n=ansible | fatal: [44.196.58.204]: FAILED! => {"changed": false, "msg": "src (or content) is required"}
2023-05-31 21:10:56,808 p=6715 u=ec2-user n=ansible | PLAY RECAP ***************************************************************************************************************************************************
2023-05-31 21:10:56,808 p=6715 u=ec2-user n=ansible | 44.196.58.204              : ok=2    changed=1    unreachable=0    failed=1    skipped=0    rescued=0    ignored=0   
2023-05-31 21:12:52,434 p=6884 u=ec2-user n=ansible | PLAY [qaserver] **********************************************************************************************************************************************
2023-05-31 21:12:52,448 p=6884 u=ec2-user n=ansible | TASK [Gathering Facts] ***************************************************************************************************************************************
2023-05-31 21:12:54,381 p=6884 u=ec2-user n=ansible | ok: [44.196.58.204]
2023-05-31 21:12:54,403 p=6884 u=ec2-user n=ansible | TASK [apache : Install Apache] *******************************************************************************************************************************
2023-05-31 21:12:55,884 p=6884 u=ec2-user n=ansible | changed: [44.196.58.204]
2023-05-31 21:12:55,896 p=6884 u=ec2-user n=ansible | TASK [apache : copy index file] ******************************************************************************************************************************
2023-05-31 21:12:55,986 p=6884 u=ec2-user n=ansible | fatal: [44.196.58.204]: FAILED! => {"changed": false, "msg": "src (or content) is required"}
2023-05-31 21:12:55,993 p=6884 u=ec2-user n=ansible | PLAY RECAP ***************************************************************************************************************************************************
2023-05-31 21:12:55,993 p=6884 u=ec2-user n=ansible | 44.196.58.204              : ok=2    changed=1    unreachable=0    failed=1    skipped=0    rescued=0    ignored=0   
2023-05-31 21:14:47,334 p=7030 u=ec2-user n=ansible | PLAY [qaserver] **********************************************************************************************************************************************
2023-05-31 21:14:47,348 p=7030 u=ec2-user n=ansible | TASK [Gathering Facts] ***************************************************************************************************************************************
2023-05-31 21:14:49,335 p=7030 u=ec2-user n=ansible | ok: [44.196.58.204]
2023-05-31 21:14:49,359 p=7030 u=ec2-user n=ansible | TASK [apache : Install Apache] *******************************************************************************************************************************
2023-05-31 21:14:50,906 p=7030 u=ec2-user n=ansible | changed: [44.196.58.204]
2023-05-31 21:14:50,918 p=7030 u=ec2-user n=ansible | TASK [apache : copy index file] ******************************************************************************************************************************
2023-05-31 21:14:51,005 p=7030 u=ec2-user n=ansible | fatal: [44.196.58.204]: FAILED! => {"changed": false, "msg": "src (or content) is required"}
2023-05-31 21:14:51,007 p=7030 u=ec2-user n=ansible | PLAY RECAP ***************************************************************************************************************************************************
2023-05-31 21:14:51,008 p=7030 u=ec2-user n=ansible | 44.196.58.204              : ok=2    changed=1    unreachable=0    failed=1    skipped=0    rescued=0    ignored=0   
2023-05-31 21:15:18,522 p=7104 u=ec2-user n=ansible | PLAY [qaserver] **********************************************************************************************************************************************
2023-05-31 21:15:18,537 p=7104 u=ec2-user n=ansible | TASK [Gathering Facts] ***************************************************************************************************************************************
2023-05-31 21:15:20,613 p=7104 u=ec2-user n=ansible | ok: [44.196.58.204]
2023-05-31 21:15:20,639 p=7104 u=ec2-user n=ansible | TASK [apache : Install Apache] *******************************************************************************************************************************
2023-05-31 21:15:22,166 p=7104 u=ec2-user n=ansible | changed: [44.196.58.204]
2023-05-31 21:15:22,178 p=7104 u=ec2-user n=ansible | TASK [apache : copy index file] ******************************************************************************************************************************
2023-05-31 21:15:22,332 p=7104 u=ec2-user n=ansible | fatal: [44.196.58.204]: FAILED! => {"changed": false, "msg": "src (or content) is required"}
2023-05-31 21:15:22,335 p=7104 u=ec2-user n=ansible | PLAY RECAP ***************************************************************************************************************************************************
2023-05-31 21:15:22,336 p=7104 u=ec2-user n=ansible | 44.196.58.204              : ok=2    changed=1    unreachable=0    failed=1    skipped=0    rescued=0    ignored=0   
2023-06-05 17:13:54,851 p=4098 u=ec2-user n=ansible | 52.90.242.69 | UNREACHABLE! => {
    "changed": false,
    "msg": "Failed to connect to the host via ssh: ssh: connect to host 52.90.242.69 port 22: Connection timed out",
    "unreachable": true
}
2023-06-05 17:13:54,869 p=4098 u=ec2-user n=ansible | 44.196.58.204 | UNREACHABLE! => {
    "changed": false,
    "msg": "Failed to connect to the host via ssh: ssh: connect to host 44.196.58.204 port 22: Connection timed out",
    "unreachable": true
}
2023-06-05 17:15:25,279 p=4292 u=ec2-user n=ansible | 18.212.54.0 | SUCCESS => {
    "ansible_facts": {
        "discovered_interpreter_python": "/usr/bin/python"
    },
    "changed": false,
    "ping": "pong"
}
2023-06-05 17:15:25,292 p=4292 u=ec2-user n=ansible | 3.236.156.89 | SUCCESS => {
    "ansible_facts": {
        "discovered_interpreter_python": "/usr/bin/python"
    },
    "changed": false,
    "ping": "pong"
}
2023-06-05 17:16:50,513 p=4521 u=ec2-user n=ansible | PLAY [qaserver] **********************************************************************************************************************************************
2023-06-05 17:16:50,560 p=4521 u=ec2-user n=ansible | TASK [Gathering Facts] ***************************************************************************************************************************************
2023-06-05 17:16:53,509 p=4521 u=ec2-user n=ansible | ok: [3.236.156.89]
2023-06-05 17:16:53,570 p=4521 u=ec2-user n=ansible | TASK [apache : Install Apache] *******************************************************************************************************************************
2023-06-05 17:17:07,687 p=4521 u=ec2-user n=ansible | changed: [3.236.156.89]
2023-06-05 17:17:07,734 p=4521 u=ec2-user n=ansible | TASK [apache : copy index file] ******************************************************************************************************************************
2023-06-05 17:17:07,993 p=4521 u=ec2-user n=ansible | fatal: [3.236.156.89]: FAILED! => {"changed": false, "msg": "src (or content) is required"}
2023-06-05 17:17:07,996 p=4521 u=ec2-user n=ansible | PLAY RECAP ***************************************************************************************************************************************************
2023-06-05 17:17:07,996 p=4521 u=ec2-user n=ansible | 3.236.156.89               : ok=2    changed=1    unreachable=0    failed=1    skipped=0    rescued=0    ignored=0   
2023-06-05 17:17:56,772 p=4792 u=ec2-user n=ansible | ERROR! We were unable to read either as JSON nor YAML, these are the errors we got from each:
JSON: Expecting value: line 1 column 1 (char 0)

Syntax Error while loading YAML.
  mapping values are not allowed in this context

The error appears to be in '/home/ec2-user/web.yml': line 5, column 10, but may
be elsewhere in the file depending on the exact syntax problem.

The offending line appears to be:

  ignore_errors: yes
    tasks:
         ^ here

2023-06-05 17:19:16,297 p=4876 u=ec2-user n=ansible | PLAY [qaserver] **********************************************************************************************************************************************
2023-06-05 17:19:16,314 p=4876 u=ec2-user n=ansible | TASK [Gathering Facts] ***************************************************************************************************************************************
2023-06-05 17:19:18,264 p=4876 u=ec2-user n=ansible | ok: [3.236.156.89]
2023-06-05 17:19:18,287 p=4876 u=ec2-user n=ansible | TASK [apache : Install Apache] *******************************************************************************************************************************
2023-06-05 17:19:19,352 p=4876 u=ec2-user n=ansible | ok: [3.236.156.89]
2023-06-05 17:19:19,365 p=4876 u=ec2-user n=ansible | TASK [apache : copy index file] ******************************************************************************************************************************
2023-06-05 17:19:19,483 p=4876 u=ec2-user n=ansible | fatal: [3.236.156.89]: FAILED! => {"changed": false, "msg": "src (or content) is required"}
2023-06-05 17:19:19,485 p=4876 u=ec2-user n=ansible | PLAY RECAP ***************************************************************************************************************************************************
2023-06-05 17:19:19,485 p=4876 u=ec2-user n=ansible | 3.236.156.89               : ok=2    changed=0    unreachable=0    failed=1    skipped=0    rescued=0    ignored=0   
2023-06-05 17:23:44,696 p=5018 u=ec2-user n=ansible | PLAY [qaserver] **********************************************************************************************************************************************
2023-06-05 17:23:44,711 p=5018 u=ec2-user n=ansible | TASK [Gathering Facts] ***************************************************************************************************************************************
2023-06-05 17:23:46,593 p=5018 u=ec2-user n=ansible | ok: [3.236.156.89]
2023-06-05 17:23:46,650 p=5018 u=ec2-user n=ansible | TASK [apache : Install Apache] *******************************************************************************************************************************
2023-06-05 17:23:47,913 p=5018 u=ec2-user n=ansible | ok: [3.236.156.89]
2023-06-05 17:23:47,927 p=5018 u=ec2-user n=ansible | TASK [apache : copy index file] ******************************************************************************************************************************
2023-06-05 17:23:48,639 p=5018 u=ec2-user n=ansible | changed: [3.236.156.89]
2023-06-05 17:23:48,675 p=5018 u=ec2-user n=ansible | PLAY RECAP ***************************************************************************************************************************************************
2023-06-05 17:23:48,676 p=5018 u=ec2-user n=ansible | 3.236.156.89               : ok=3    changed=1    unreachable=0    failed=0    skipped=0    rescued=0    ignored=0   
2023-06-05 17:24:57,607 p=5151 u=ec2-user n=ansible | PLAY [qaserver] **********************************************************************************************************************************************
2023-06-05 17:24:57,625 p=5151 u=ec2-user n=ansible | TASK [Gathering Facts] ***************************************************************************************************************************************
2023-06-05 17:24:59,635 p=5151 u=ec2-user n=ansible | ok: [3.236.156.89]
2023-06-05 17:24:59,658 p=5151 u=ec2-user n=ansible | TASK [apache : Install Apache] *******************************************************************************************************************************
2023-06-05 17:25:00,909 p=5151 u=ec2-user n=ansible | ok: [3.236.156.89]
2023-06-05 17:25:00,921 p=5151 u=ec2-user n=ansible | TASK [apache : copy index file] ******************************************************************************************************************************
2023-06-05 17:25:03,491 p=5151 u=ec2-user n=ansible | changed: [3.236.156.89]
2023-06-05 17:25:03,533 p=5151 u=ec2-user n=ansible | PLAY RECAP ***************************************************************************************************************************************************
2023-06-05 17:25:03,534 p=5151 u=ec2-user n=ansible | 3.236.156.89               : ok=3    changed=1    unreachable=0    failed=0    skipped=0    rescued=0    ignored=0   
2023-06-05 17:27:47,296 p=5273 u=ec2-user n=ansible | PLAY [qaserver] **********************************************************************************************************************************************
2023-06-05 17:27:47,313 p=5273 u=ec2-user n=ansible | TASK [Gathering Facts] ***************************************************************************************************************************************
2023-06-05 17:27:49,477 p=5273 u=ec2-user n=ansible | ok: [3.236.156.89]
2023-06-05 17:27:49,513 p=5273 u=ec2-user n=ansible | TASK [apache : Install Apache] *******************************************************************************************************************************
2023-06-05 17:27:50,634 p=5273 u=ec2-user n=ansible | ok: [3.236.156.89]
2023-06-05 17:27:50,647 p=5273 u=ec2-user n=ansible | TASK [apache : copy index file] ******************************************************************************************************************************
2023-06-05 17:27:51,921 p=5273 u=ec2-user n=ansible | ok: [3.236.156.89]
2023-06-05 17:27:51,955 p=5273 u=ec2-user n=ansible | PLAY RECAP ***************************************************************************************************************************************************
2023-06-05 17:27:51,956 p=5273 u=ec2-user n=ansible | 3.236.156.89               : ok=3    changed=0    unreachable=0    failed=0    skipped=0    rescued=0    ignored=0   
2023-06-05 17:28:26,965 p=5383 u=ec2-user n=ansible | PLAY [qaserver] **********************************************************************************************************************************************
2023-06-05 17:28:26,980 p=5383 u=ec2-user n=ansible | TASK [Gathering Facts] ***************************************************************************************************************************************
2023-06-05 17:28:28,892 p=5383 u=ec2-user n=ansible | ok: [3.236.156.89]
2023-06-05 17:28:28,921 p=5383 u=ec2-user n=ansible | TASK [apache : Install Apache] *******************************************************************************************************************************
2023-06-05 17:28:30,029 p=5383 u=ec2-user n=ansible | ok: [3.236.156.89]
2023-06-05 17:28:30,044 p=5383 u=ec2-user n=ansible | TASK [apache : copy index file] ******************************************************************************************************************************
2023-06-05 17:28:31,253 p=5383 u=ec2-user n=ansible | changed: [3.236.156.89]
2023-06-05 17:28:31,276 p=5383 u=ec2-user n=ansible | RUNNING HANDLER [apache : restart apache] ********************************************************************************************************************
2023-06-05 17:28:32,189 p=5383 u=ec2-user n=ansible | changed: [3.236.156.89]
2023-06-05 17:28:32,202 p=5383 u=ec2-user n=ansible | PLAY RECAP ***************************************************************************************************************************************************
2023-06-05 17:28:32,202 p=5383 u=ec2-user n=ansible | 3.236.156.89               : ok=4    changed=2    unreachable=0    failed=0    skipped=0    rescued=0    ignored=0   
2023-06-05 17:32:09,453 p=5564 u=ec2-user n=ansible | Starting galaxy role install process
2023-06-05 17:32:09,453 p=5564 u=ec2-user n=ansible | - downloading role 'java', owned by geerlingguy
2023-06-05 17:32:09,660 p=5564 u=ec2-user n=ansible | - downloading role from https://github.com/geerlingguy/ansible-role-java/archive/2.3.0.tar.gz
2023-06-05 17:32:09,793 p=5564 u=ec2-user n=ansible | - extracting geerlingguy.java to /home/ec2-user/roles/geerlingguy.java
2023-06-05 17:32:09,800 p=5564 u=ec2-user n=ansible | - geerlingguy.java (2.3.0) was installed successfully
2023-06-05 17:44:45,266 p=6340 u=ec2-user n=ansible | 3.236.156.89 | SUCCESS => {
    "ansible_facts": {
        "ansible_all_ipv4_addresses": [
            "172.31.4.2"
        ],
        "ansible_all_ipv6_addresses": [
            "fe80::61:29ff:fef0:28ed"
        ],
        "ansible_apparmor": {
            "status": "disabled"
        },
        "ansible_architecture": "x86_64",
        "ansible_bios_date": "10/16/2017",
        "ansible_bios_vendor": "Amazon EC2",
        "ansible_bios_version": "1.0",
        "ansible_board_asset_tag": "i-0c6cde3c49c4d5507",
        "ansible_board_name": "NA",
        "ansible_board_serial": "NA",
        "ansible_board_vendor": "Amazon EC2",
        "ansible_board_version": "NA",
        "ansible_chassis_asset_tag": "Amazon EC2",
        "ansible_chassis_serial": "NA",
        "ansible_chassis_vendor": "Amazon EC2",
        "ansible_chassis_version": "NA",
        "ansible_cmdline": {
            "BOOT_IMAGE": "/boot/vmlinuz-4.14.314-237.533.amzn2.x86_64",
            "biosdevname": "0",
            "console": "ttyS0,115200n8",
            "net.ifnames": "0",
            "nvme_core.io_timeout": "4294967295",
            "rd.emergency": "poweroff",
            "rd.shell": "0",
            "ro": true,
            "root": "UUID=9697d457-123c-483b-a84c-efd437479b18"
        },
        "ansible_date_time": {
            "date": "2023-06-05",
            "day": "05",
            "epoch": "1685987085",
            "hour": "17",
            "iso8601": "2023-06-05T17:44:45Z",
            "iso8601_basic": "20230605T174445169431",
            "iso8601_basic_short": "20230605T174445",
            "iso8601_micro": "2023-06-05T17:44:45.169431Z",
            "minute": "44",
            "month": "06",
            "second": "45",
            "time": "17:44:45",
            "tz": "UTC",
            "tz_dst": "UTC",
            "tz_offset": "+0000",
            "weekday": "Monday",
            "weekday_number": "1",
            "weeknumber": "23",
            "year": "2023"
        },
        "ansible_default_ipv4": {
            "address": "172.31.4.2",
            "alias": "eth0",
            "broadcast": "172.31.15.255",
            "gateway": "172.31.0.1",
            "interface": "eth0",
            "macaddress": "02:61:29:f0:28:ed",
            "mtu": 9001,
            "netmask": "255.255.240.0",
            "network": "172.31.0.0",
            "type": "ether"
        },
        "ansible_default_ipv6": {},
        "ansible_device_links": {
            "ids": {
                "nvme0n1": [
                    "nvme-Amazon_Elastic_Block_Store_vol05ab3d1f11209df96",
                    "nvme-Amazon_Elastic_Block_Store_vol05ab3d1f11209df96-ns-1",
                    "nvme-nvme.1d0f-766f6c3035616233643166313132303964663936-416d617a6f6e20456c617374696320426c6f636b2053746f7265-00000001"
                ],
                "nvme0n1p1": [
                    "nvme-Amazon_Elastic_Block_Store_vol05ab3d1f11209df96-ns-1-part1",
                    "nvme-Amazon_Elastic_Block_Store_vol05ab3d1f11209df96-part1",
                    "nvme-nvme.1d0f-766f6c3035616233643166313132303964663936-416d617a6f6e20456c617374696320426c6f636b2053746f7265-00000001-part1"
                ],
                "nvme0n1p128": [
                    "nvme-Amazon_Elastic_Block_Store_vol05ab3d1f11209df96-ns-1-part128",
                    "nvme-Amazon_Elastic_Block_Store_vol05ab3d1f11209df96-part128",
                    "nvme-nvme.1d0f-766f6c3035616233643166313132303964663936-416d617a6f6e20456c617374696320426c6f636b2053746f7265-00000001-part128"
                ]
            },
            "labels": {
                "nvme0n1p1": [
                    "\\x2f"
                ]
            },
            "masters": {},
            "uuids": {
                "nvme0n1p1": [
                    "9697d457-123c-483b-a84c-efd437479b18"
                ]
            }
        },
        "ansible_devices": {
            "nvme0n1": {
                "holders": [],
                "host": "Non-Volatile memory controller: Amazon.com, Inc. Device 8061",
                "links": {
                    "ids": [
                        "nvme-Amazon_Elastic_Block_Store_vol05ab3d1f11209df96",
                        "nvme-Amazon_Elastic_Block_Store_vol05ab3d1f11209df96-ns-1",
                        "nvme-nvme.1d0f-766f6c3035616233643166313132303964663936-416d617a6f6e20456c617374696320426c6f636b2053746f7265-00000001"
                    ],
                    "labels": [],
                    "masters": [],
                    "uuids": []
                },
                "model": "Amazon Elastic Block Store",
                "partitions": {
                    "nvme0n1p1": {
                        "holders": [],
                        "links": {
                            "ids": [
                                "nvme-Amazon_Elastic_Block_Store_vol05ab3d1f11209df96-ns-1-part1",
                                "nvme-Amazon_Elastic_Block_Store_vol05ab3d1f11209df96-part1",
                                "nvme-nvme.1d0f-766f6c3035616233643166313132303964663936-416d617a6f6e20456c617374696320426c6f636b2053746f7265-00000001-part1"
                            ],
                            "labels": [
                                "\\x2f"
                            ],
                            "masters": [],
                            "uuids": [
                                "9697d457-123c-483b-a84c-efd437479b18"
                            ]
                        },
                        "sectors": "16773087",
                        "sectorsize": 512,
                        "size": "8.00 GB",
                        "start": "4096",
                        "uuid": "9697d457-123c-483b-a84c-efd437479b18"
                    },
                    "nvme0n1p128": {
                        "holders": [],
                        "links": {
                            "ids": [
                                "nvme-Amazon_Elastic_Block_Store_vol05ab3d1f11209df96-ns-1-part128",
                                "nvme-Amazon_Elastic_Block_Store_vol05ab3d1f11209df96-part128",
                                "nvme-nvme.1d0f-766f6c3035616233643166313132303964663936-416d617a6f6e20456c617374696320426c6f636b2053746f7265-00000001-part128"
                            ],
                            "labels": [],
                            "masters": [],
                            "uuids": []
                        },
                        "sectors": "2048",
                        "sectorsize": 512,
                        "size": "1.00 MB",
                        "start": "2048",
                        "uuid": null
                    }
                },
                "removable": "0",
                "rotational": "0",
                "sas_address": null,
                "sas_device_handle": null,
                "scheduler_mode": "none",
                "sectors": "16777216",
                "sectorsize": "512",
                "serial": "vol05ab3d1f11209df96",
                "size": "8.00 GB",
                "support_discard": "0",
                "vendor": null,
                "virtual": 1
            }
        },
        "ansible_distribution": "Amazon",
        "ansible_distribution_file_parsed": true,
        "ansible_distribution_file_path": "/etc/os-release",
        "ansible_distribution_file_variety": "Amazon",
        "ansible_distribution_major_version": "2",
        "ansible_distribution_minor_version": "NA",
        "ansible_distribution_release": "NA",
        "ansible_distribution_version": "2",
        "ansible_dns": {
            "nameservers": [
                "172.31.0.2"
            ],
            "options": {
                "attempts": "5",
                "timeout": "2"
            },
            "search": [
                "ec2.internal"
            ]
        },
        "ansible_domain": "ec2.internal",
        "ansible_effective_group_id": 1000,
        "ansible_effective_user_id": 1000,
        "ansible_env": {
            "HOME": "/home/ec2-user",
            "LANG": "en_US.UTF-8",
            "LESSOPEN": "||/usr/bin/lesspipe.sh %s",
            "LOGNAME": "ec2-user",
            "LS_COLORS": "rs=0:di=38;5;27:ln=38;5;51:mh=44;38;5;15:pi=40;38;5;11:so=38;5;13:do=38;5;5:bd=48;5;232;38;5;11:cd=48;5;232;38;5;3:or=48;5;232;38;5;9:mi=05;48;5;232;38;5;15:su=48;5;196;38;5;15:sg=48;5;11;38;5;16:ca=48;5;196;38;5;226:tw=48;5;10;38;5;16:ow=48;5;10;38;5;21:st=48;5;21;38;5;15:ex=38;5;34:*.tar=38;5;9:*.tgz=38;5;9:*.arc=38;5;9:*.arj=38;5;9:*.taz=38;5;9:*.lha=38;5;9:*.lz4=38;5;9:*.lzh=38;5;9:*.lzma=38;5;9:*.tlz=38;5;9:*.txz=38;5;9:*.tzo=38;5;9:*.t7z=38;5;9:*.zip=38;5;9:*.z=38;5;9:*.Z=38;5;9:*.dz=38;5;9:*.gz=38;5;9:*.lrz=38;5;9:*.lz=38;5;9:*.lzo=38;5;9:*.xz=38;5;9:*.bz2=38;5;9:*.bz=38;5;9:*.tbz=38;5;9:*.tbz2=38;5;9:*.tz=38;5;9:*.deb=38;5;9:*.rpm=38;5;9:*.jar=38;5;9:*.war=38;5;9:*.ear=38;5;9:*.sar=38;5;9:*.rar=38;5;9:*.alz=38;5;9:*.ace=38;5;9:*.zoo=38;5;9:*.cpio=38;5;9:*.7z=38;5;9:*.rz=38;5;9:*.cab=38;5;9:*.jpg=38;5;13:*.jpeg=38;5;13:*.gif=38;5;13:*.bmp=38;5;13:*.pbm=38;5;13:*.pgm=38;5;13:*.ppm=38;5;13:*.tga=38;5;13:*.xbm=38;5;13:*.xpm=38;5;13:*.tif=38;5;13:*.tiff=38;5;13:*.png=38;5;13:*.svg=38;5;13:*.svgz=38;5;13:*.mng=38;5;13:*.pcx=38;5;13:*.mov=38;5;13:*.mpg=38;5;13:*.mpeg=38;5;13:*.m2v=38;5;13:*.mkv=38;5;13:*.webm=38;5;13:*.ogm=38;5;13:*.mp4=38;5;13:*.m4v=38;5;13:*.mp4v=38;5;13:*.vob=38;5;13:*.qt=38;5;13:*.nuv=38;5;13:*.wmv=38;5;13:*.asf=38;5;13:*.rm=38;5;13:*.rmvb=38;5;13:*.flc=38;5;13:*.avi=38;5;13:*.fli=38;5;13:*.flv=38;5;13:*.gl=38;5;13:*.dl=38;5;13:*.xcf=38;5;13:*.xwd=38;5;13:*.yuv=38;5;13:*.cgm=38;5;13:*.emf=38;5;13:*.axv=38;5;13:*.anx=38;5;13:*.ogv=38;5;13:*.ogx=38;5;13:*.aac=38;5;45:*.au=38;5;45:*.flac=38;5;45:*.mid=38;5;45:*.midi=38;5;45:*.mka=38;5;45:*.mp3=38;5;45:*.mpc=38;5;45:*.ogg=38;5;45:*.ra=38;5;45:*.wav=38;5;45:*.axa=38;5;45:*.oga=38;5;45:*.spx=38;5;45:*.xspf=38;5;45:",
            "MAIL": "/var/mail/ec2-user",
            "PATH": "/usr/local/bin:/usr/bin",
            "PWD": "/home/ec2-user",
            "SHELL": "/bin/bash",
            "SHLVL": "2",
            "SSH_CLIENT": "44.211.225.205 59394 22",
            "SSH_CONNECTION": "44.211.225.205 59394 172.31.4.2 22",
            "SSH_TTY": "/dev/pts/1",
            "TERM": "xterm-256color",
            "USER": "ec2-user",
            "XDG_RUNTIME_DIR": "/run/user/1000",
            "XDG_SESSION_ID": "12",
            "_": "/usr/bin/python"
        },
        "ansible_eth0": {
            "active": true,
            "device": "eth0",
            "features": {
                "esp_hw_offload": "off [fixed]",
                "esp_tx_csum_hw_offload": "off [fixed]",
                "fcoe_mtu": "off [fixed]",
                "generic_receive_offload": "on",
                "generic_segmentation_offload": "on",
                "highdma": "on",
                "hw_tc_offload": "off [fixed]",
                "l2_fwd_offload": "off [fixed]",
                "large_receive_offload": "off [fixed]",
                "loopback": "off [fixed]",
                "netns_local": "off [fixed]",
                "ntuple_filters": "off [fixed]",
                "receive_hashing": "on",
                "rx_all": "off [fixed]",
                "rx_checksumming": "off [fixed]",
                "rx_fcs": "off [fixed]",
                "rx_udp_tunnel_port_offload": "off [fixed]",
                "rx_vlan_filter": "off [fixed]",
                "rx_vlan_offload": "off [fixed]",
                "rx_vlan_stag_filter": "off [fixed]",
                "rx_vlan_stag_hw_parse": "off [fixed]",
                "scatter_gather": "on",
                "tcp_segmentation_offload": "off",
                "tx_checksum_fcoe_crc": "off [fixed]",
                "tx_checksum_ip_generic": "off [fixed]",
                "tx_checksum_ipv4": "on",
                "tx_checksum_ipv6": "off [fixed]",
                "tx_checksum_sctp": "off [fixed]",
                "tx_checksumming": "on",
                "tx_esp_segmentation": "off [fixed]",
                "tx_fcoe_segmentation": "off [fixed]",
                "tx_gre_csum_segmentation": "off [fixed]",
                "tx_gre_segmentation": "off [fixed]",
                "tx_gso_partial": "off [fixed]",
                "tx_gso_robust": "off [fixed]",
                "tx_ipxip4_segmentation": "off [fixed]",
                "tx_ipxip6_segmentation": "off [fixed]",
                "tx_lockless": "off [fixed]",
                "tx_nocache_copy": "off",
                "tx_scatter_gather": "on",
                "tx_scatter_gather_fraglist": "off [fixed]",
                "tx_sctp_segmentation": "off [fixed]",
                "tx_tcp6_segmentation": "off [fixed]",
                "tx_tcp_ecn_segmentation": "off [fixed]",
                "tx_tcp_mangleid_segmentation": "off [fixed]",
                "tx_tcp_segmentation": "off [fixed]",
                "tx_udp_tnl_csum_segmentation": "off [fixed]",
                "tx_udp_tnl_segmentation": "off [fixed]",
                "tx_vlan_offload": "off [fixed]",
                "tx_vlan_stag_hw_insert": "off [fixed]",
                "udp_fragmentation_offload": "off",
                "vlan_challenged": "off [fixed]"
            },
            "hw_timestamp_filters": [],
            "ipv4": {
                "address": "172.31.4.2",
                "broadcast": "172.31.15.255",
                "netmask": "255.255.240.0",
                "network": "172.31.0.0"
            },
            "ipv6": [
                {
                    "address": "fe80::61:29ff:fef0:28ed",
                    "prefix": "64",
                    "scope": "link"
                }
            ],
            "macaddress": "02:61:29:f0:28:ed",
            "module": "ena",
            "mtu": 9001,
            "pciid": "0000:00:05.0",
            "promisc": false,
            "timestamping": [
                "tx_software",
                "rx_software",
                "software"
            ],
            "type": "ether"
        },
        "ansible_fibre_channel_wwn": [],
        "ansible_fips": false,
        "ansible_form_factor": "Other",
        "ansible_fqdn": "ip-172-31-4-2.ec2.internal",
        "ansible_hostname": "ip-172-31-4-2",
        "ansible_hostnqn": "",
        "ansible_interfaces": [
            "lo",
            "eth0"
        ],
        "ansible_is_chroot": true,
        "ansible_iscsi_iqn": "",
        "ansible_kernel": "4.14.314-237.533.amzn2.x86_64",
        "ansible_kernel_version": "#1 SMP Thu May 4 09:55:30 UTC 2023",
        "ansible_lo": {
            "active": true,
            "device": "lo",
            "features": {
                "esp_hw_offload": "off [fixed]",
                "esp_tx_csum_hw_offload": "off [fixed]",
                "fcoe_mtu": "off [fixed]",
                "generic_receive_offload": "on",
                "generic_segmentation_offload": "on",
                "highdma": "on [fixed]",
                "hw_tc_offload": "off [fixed]",
                "l2_fwd_offload": "off [fixed]",
                "large_receive_offload": "off [fixed]",
                "loopback": "on [fixed]",
                "netns_local": "on [fixed]",
                "ntuple_filters": "off [fixed]",
                "receive_hashing": "off [fixed]",
                "rx_all": "off [fixed]",
                "rx_checksumming": "on [fixed]",
                "rx_fcs": "off [fixed]",
                "rx_udp_tunnel_port_offload": "off [fixed]",
                "rx_vlan_filter": "off [fixed]",
                "rx_vlan_offload": "off [fixed]",
                "rx_vlan_stag_filter": "off [fixed]",
                "rx_vlan_stag_hw_parse": "off [fixed]",
                "scatter_gather": "on",
                "tcp_segmentation_offload": "on",
                "tx_checksum_fcoe_crc": "off [fixed]",
                "tx_checksum_ip_generic": "on [fixed]",
                "tx_checksum_ipv4": "off [fixed]",
                "tx_checksum_ipv6": "off [fixed]",
                "tx_checksum_sctp": "on [fixed]",
                "tx_checksumming": "on",
                "tx_esp_segmentation": "off [fixed]",
                "tx_fcoe_segmentation": "off [fixed]",
                "tx_gre_csum_segmentation": "off [fixed]",
                "tx_gre_segmentation": "off [fixed]",
                "tx_gso_partial": "off [fixed]",
                "tx_gso_robust": "off [fixed]",
                "tx_ipxip4_segmentation": "off [fixed]",
                "tx_ipxip6_segmentation": "off [fixed]",
                "tx_lockless": "on [fixed]",
                "tx_nocache_copy": "off [fixed]",
                "tx_scatter_gather": "on [fixed]",
                "tx_scatter_gather_fraglist": "on [fixed]",
                "tx_sctp_segmentation": "on",
                "tx_tcp6_segmentation": "on",
                "tx_tcp_ecn_segmentation": "on",
                "tx_tcp_mangleid_segmentation": "on",
                "tx_tcp_segmentation": "on",
                "tx_udp_tnl_csum_segmentation": "off [fixed]",
                "tx_udp_tnl_segmentation": "off [fixed]",
                "tx_vlan_offload": "off [fixed]",
                "tx_vlan_stag_hw_insert": "off [fixed]",
                "udp_fragmentation_offload": "off",
                "vlan_challenged": "on [fixed]"
            },
            "hw_timestamp_filters": [],
            "ipv4": {
                "address": "127.0.0.1",
                "broadcast": "",
                "netmask": "255.0.0.0",
                "network": "127.0.0.0"
            },
            "ipv6": [
                {
                    "address": "::1",
                    "prefix": "128",
                    "scope": "host"
                }
            ],
            "mtu": 65536,
            "promisc": false,
            "timestamping": [
                "tx_software",
                "rx_software",
                "software"
            ],
            "type": "loopback"
        },
        "ansible_local": {},
        "ansible_lsb": {},
        "ansible_machine": "x86_64",
        "ansible_machine_id": "ec26db9e0ecd00fbad497cfa9ea11a71",
        "ansible_memfree_mb": 1603,
        "ansible_memory_mb": {
            "nocache": {
                "free": 1814,
                "used": 128
            },
            "real": {
                "free": 1603,
                "total": 1942,
                "used": 339
            },
            "swap": {
                "cached": 0,
                "free": 0,
                "total": 0,
                "used": 0
            }
        },
        "ansible_memtotal_mb": 1942,
        "ansible_mounts": [
            {
                "block_available": 1693074,
                "block_size": 4096,
                "block_total": 2094075,
                "block_used": 401001,
                "device": "/dev/nvme0n1p1",
                "fstype": "xfs",
                "inode_available": 4144433,
                "inode_total": 4193216,
                "inode_used": 48783,
                "mount": "/",
                "options": "rw,noatime,attr2,inode64,noquota",
                "size_available": 6934831104,
                "size_total": 8577331200,
                "uuid": "9697d457-123c-483b-a84c-efd437479b18"
            }
        ],
        "ansible_nodename": "ip-172-31-4-2.ec2.internal",
        "ansible_os_family": "RedHat",
        "ansible_pkg_mgr": "yum",
        "ansible_proc_cmdline": {
            "BOOT_IMAGE": "/boot/vmlinuz-4.14.314-237.533.amzn2.x86_64",
            "biosdevname": "0",
            "console": [
                "tty0",
                "ttyS0,115200n8"
            ],
            "net.ifnames": "0",
            "nvme_core.io_timeout": "4294967295",
            "rd.emergency": "poweroff",
            "rd.shell": "0",
            "ro": true,
            "root": "UUID=9697d457-123c-483b-a84c-efd437479b18"
        },
        "ansible_processor": [
            "0",
            "GenuineIntel",
            "Intel(R) Xeon(R) Platinum 8259CL CPU @ 2.50GHz",
            "1",
            "GenuineIntel",
            "Intel(R) Xeon(R) Platinum 8259CL CPU @ 2.50GHz"
        ],
        "ansible_processor_cores": 1,
        "ansible_processor_count": 1,
        "ansible_processor_nproc": 2,
        "ansible_processor_threads_per_core": 2,
        "ansible_processor_vcpus": 2,
        "ansible_product_name": "t3.small",
        "ansible_product_serial": "NA",
        "ansible_product_uuid": "NA",
        "ansible_product_version": "NA",
        "ansible_python": {
            "executable": "/usr/bin/python",
            "has_sslcontext": true,
            "type": "CPython",
            "version": {
                "major": 2,
                "micro": 18,
                "minor": 7,
                "releaselevel": "final",
                "serial": 0
            },
            "version_info": [
                2,
                7,
                18,
                "final",
                0
            ]
        },
        "ansible_python_version": "2.7.18",
        "ansible_real_group_id": 1000,
        "ansible_real_user_id": 1000,
        "ansible_selinux": {
            "status": "disabled"
        },
        "ansible_selinux_python_present": true,
        "ansible_service_mgr": "systemd",
        "ansible_ssh_host_key_ecdsa_public": "AAAAE2VjZHNhLXNoYTItbmlzdHAyNTYAAAAIbmlzdHAyNTYAAABBBCTwS5FNNR2r0/dYFgkOI7ZJ9XMPwSTnttiJuUlpluL0fCeNRx6HNMGXcdkTh+tNd+CDrPSRKZn9e5Fa8bc/7Mg=",
        "ansible_ssh_host_key_ecdsa_public_keytype": "ecdsa-sha2-nistp256",
        "ansible_ssh_host_key_ed25519_public": "AAAAC3NzaC1lZDI1NTE5AAAAINZJUyTNpLRtbIfQMdkdKZDu3P+xzsF0LXoFbutCNbPo",
        "ansible_ssh_host_key_ed25519_public_keytype": "ssh-ed25519",
        "ansible_ssh_host_key_rsa_public": "AAAAB3NzaC1yc2EAAAADAQABAAABAQCvJafRmjyA2ewo+Ikqy3N+nblVHUkxV3O8RqvgfqiaHJr0BLmyIXVhLvsE2GHnzzo5UXdfDWc/NY7dfI0z2/eKpfLUcmMrnktcFBgK9Cq7AZJyEjECoblPL5/N4SdBfRlWXnl+chkdfW9+uXOKEIfUrlq6CGvkouUQ4T7iOuC2i0bc4xmVvXMGvTylHM76OvkMrwjOWo3XTAvl5rt+8IUOToB+MrQyEO6Vk/Ze4R9I4V0eKp5gZ1680AFA9sWd053qpoZAxX3N//87U5h9iCMM6D01+MLoDm48/pYVqC64NdGqi8/YioY2rt/i9aEiBre0tSL6nG3kAYgypHxMIwRh",
        "ansible_ssh_host_key_rsa_public_keytype": "ssh-rsa",
        "ansible_swapfree_mb": 0,
        "ansible_swaptotal_mb": 0,
        "ansible_system": "Linux",
        "ansible_system_capabilities": [
            ""
        ],
        "ansible_system_capabilities_enforced": "True",
        "ansible_system_vendor": "Amazon EC2",
        "ansible_uptime_seconds": 2604,
        "ansible_user_dir": "/home/ec2-user",
        "ansible_user_gecos": "EC2 Default User",
        "ansible_user_gid": 1000,
        "ansible_user_id": "ec2-user",
        "ansible_user_shell": "/bin/bash",
        "ansible_user_uid": 1000,
        "ansible_userspace_architecture": "x86_64",
        "ansible_userspace_bits": "64",
        "ansible_virtualization_role": "guest",
        "ansible_virtualization_tech_guest": [
            "kvm"
        ],
        "ansible_virtualization_tech_host": [],
        "ansible_virtualization_type": "kvm",
        "discovered_interpreter_python": "/usr/bin/python",
        "gather_subset": [
            "all"
        ],
        "module_setup": true
    },
    "changed": false
}
2023-06-05 17:45:16,607 p=6397 u=ec2-user n=ansible | 3.236.156.89 | SUCCESS => {
    "ansible_facts": {
        "ansible_all_ipv4_addresses": [
            "172.31.4.2"
        ],
        "ansible_all_ipv6_addresses": [
            "fe80::61:29ff:fef0:28ed"
        ],
        "ansible_apparmor": {
            "status": "disabled"
        },
        "ansible_architecture": "x86_64",
        "ansible_bios_date": "10/16/2017",
        "ansible_bios_vendor": "Amazon EC2",
        "ansible_bios_version": "1.0",
        "ansible_board_asset_tag": "i-0c6cde3c49c4d5507",
        "ansible_board_name": "NA",
        "ansible_board_serial": "NA",
        "ansible_board_vendor": "Amazon EC2",
        "ansible_board_version": "NA",
        "ansible_chassis_asset_tag": "Amazon EC2",
        "ansible_chassis_serial": "NA",
        "ansible_chassis_vendor": "Amazon EC2",
        "ansible_chassis_version": "NA",
        "ansible_cmdline": {
            "BOOT_IMAGE": "/boot/vmlinuz-4.14.314-237.533.amzn2.x86_64",
            "biosdevname": "0",
            "console": "ttyS0,115200n8",
            "net.ifnames": "0",
            "nvme_core.io_timeout": "4294967295",
            "rd.emergency": "poweroff",
            "rd.shell": "0",
            "ro": true,
            "root": "UUID=9697d457-123c-483b-a84c-efd437479b18"
        },
        "ansible_date_time": {
            "date": "2023-06-05",
            "day": "05",
            "epoch": "1685987116",
            "hour": "17",
            "iso8601": "2023-06-05T17:45:16Z",
            "iso8601_basic": "20230605T174516524448",
            "iso8601_basic_short": "20230605T174516",
            "iso8601_micro": "2023-06-05T17:45:16.524448Z",
            "minute": "45",
            "month": "06",
            "second": "16",
            "time": "17:45:16",
            "tz": "UTC",
            "tz_dst": "UTC",
            "tz_offset": "+0000",
            "weekday": "Monday",
            "weekday_number": "1",
            "weeknumber": "23",
            "year": "2023"
        },
        "ansible_default_ipv4": {
            "address": "172.31.4.2",
            "alias": "eth0",
            "broadcast": "172.31.15.255",
            "gateway": "172.31.0.1",
            "interface": "eth0",
            "macaddress": "02:61:29:f0:28:ed",
            "mtu": 9001,
            "netmask": "255.255.240.0",
            "network": "172.31.0.0",
            "type": "ether"
        },
        "ansible_default_ipv6": {},
        "ansible_device_links": {
            "ids": {
                "nvme0n1": [
                    "nvme-Amazon_Elastic_Block_Store_vol05ab3d1f11209df96",
                    "nvme-Amazon_Elastic_Block_Store_vol05ab3d1f11209df96-ns-1",
                    "nvme-nvme.1d0f-766f6c3035616233643166313132303964663936-416d617a6f6e20456c617374696320426c6f636b2053746f7265-00000001"
                ],
                "nvme0n1p1": [
                    "nvme-Amazon_Elastic_Block_Store_vol05ab3d1f11209df96-ns-1-part1",
                    "nvme-Amazon_Elastic_Block_Store_vol05ab3d1f11209df96-part1",
                    "nvme-nvme.1d0f-766f6c3035616233643166313132303964663936-416d617a6f6e20456c617374696320426c6f636b2053746f7265-00000001-part1"
                ],
                "nvme0n1p128": [
                    "nvme-Amazon_Elastic_Block_Store_vol05ab3d1f11209df96-ns-1-part128",
                    "nvme-Amazon_Elastic_Block_Store_vol05ab3d1f11209df96-part128",
                    "nvme-nvme.1d0f-766f6c3035616233643166313132303964663936-416d617a6f6e20456c617374696320426c6f636b2053746f7265-00000001-part128"
                ]
            },
            "labels": {
                "nvme0n1p1": [
                    "\\x2f"
                ]
            },
            "masters": {},
            "uuids": {
                "nvme0n1p1": [
                    "9697d457-123c-483b-a84c-efd437479b18"
                ]
            }
        },
        "ansible_devices": {
            "nvme0n1": {
                "holders": [],
                "host": "Non-Volatile memory controller: Amazon.com, Inc. Device 8061",
                "links": {
                    "ids": [
                        "nvme-Amazon_Elastic_Block_Store_vol05ab3d1f11209df96",
                        "nvme-Amazon_Elastic_Block_Store_vol05ab3d1f11209df96-ns-1",
                        "nvme-nvme.1d0f-766f6c3035616233643166313132303964663936-416d617a6f6e20456c617374696320426c6f636b2053746f7265-00000001"
                    ],
                    "labels": [],
                    "masters": [],
                    "uuids": []
                },
                "model": "Amazon Elastic Block Store",
                "partitions": {
                    "nvme0n1p1": {
                        "holders": [],
                        "links": {
                            "ids": [
                                "nvme-Amazon_Elastic_Block_Store_vol05ab3d1f11209df96-ns-1-part1",
                                "nvme-Amazon_Elastic_Block_Store_vol05ab3d1f11209df96-part1",
                                "nvme-nvme.1d0f-766f6c3035616233643166313132303964663936-416d617a6f6e20456c617374696320426c6f636b2053746f7265-00000001-part1"
                            ],
                            "labels": [
                                "\\x2f"
                            ],
                            "masters": [],
                            "uuids": [
                                "9697d457-123c-483b-a84c-efd437479b18"
                            ]
                        },
                        "sectors": "16773087",
                        "sectorsize": 512,
                        "size": "8.00 GB",
                        "start": "4096",
                        "uuid": "9697d457-123c-483b-a84c-efd437479b18"
                    },
                    "nvme0n1p128": {
                        "holders": [],
                        "links": {
                            "ids": [
                                "nvme-Amazon_Elastic_Block_Store_vol05ab3d1f11209df96-ns-1-part128",
                                "nvme-Amazon_Elastic_Block_Store_vol05ab3d1f11209df96-part128",
                                "nvme-nvme.1d0f-766f6c3035616233643166313132303964663936-416d617a6f6e20456c617374696320426c6f636b2053746f7265-00000001-part128"
                            ],
                            "labels": [],
                            "masters": [],
                            "uuids": []
                        },
                        "sectors": "2048",
                        "sectorsize": 512,
                        "size": "1.00 MB",
                        "start": "2048",
                        "uuid": null
                    }
                },
                "removable": "0",
                "rotational": "0",
                "sas_address": null,
                "sas_device_handle": null,
                "scheduler_mode": "none",
                "sectors": "16777216",
                "sectorsize": "512",
                "serial": "vol05ab3d1f11209df96",
                "size": "8.00 GB",
                "support_discard": "0",
                "vendor": null,
                "virtual": 1
            }
        },
        "ansible_distribution": "Amazon",
        "ansible_distribution_file_parsed": true,
        "ansible_distribution_file_path": "/etc/os-release",
        "ansible_distribution_file_variety": "Amazon",
        "ansible_distribution_major_version": "2",
        "ansible_distribution_minor_version": "NA",
        "ansible_distribution_release": "NA",
        "ansible_distribution_version": "2",
        "ansible_dns": {
            "nameservers": [
                "172.31.0.2"
            ],
            "options": {
                "attempts": "5",
                "timeout": "2"
            },
            "search": [
                "ec2.internal"
            ]
        },
        "ansible_domain": "ec2.internal",
        "ansible_effective_group_id": 1000,
        "ansible_effective_user_id": 1000,
        "ansible_env": {
            "HOME": "/home/ec2-user",
            "LANG": "en_US.UTF-8",
            "LESSOPEN": "||/usr/bin/lesspipe.sh %s",
            "LOGNAME": "ec2-user",
            "LS_COLORS": "rs=0:di=38;5;27:ln=38;5;51:mh=44;38;5;15:pi=40;38;5;11:so=38;5;13:do=38;5;5:bd=48;5;232;38;5;11:cd=48;5;232;38;5;3:or=48;5;232;38;5;9:mi=05;48;5;232;38;5;15:su=48;5;196;38;5;15:sg=48;5;11;38;5;16:ca=48;5;196;38;5;226:tw=48;5;10;38;5;16:ow=48;5;10;38;5;21:st=48;5;21;38;5;15:ex=38;5;34:*.tar=38;5;9:*.tgz=38;5;9:*.arc=38;5;9:*.arj=38;5;9:*.taz=38;5;9:*.lha=38;5;9:*.lz4=38;5;9:*.lzh=38;5;9:*.lzma=38;5;9:*.tlz=38;5;9:*.txz=38;5;9:*.tzo=38;5;9:*.t7z=38;5;9:*.zip=38;5;9:*.z=38;5;9:*.Z=38;5;9:*.dz=38;5;9:*.gz=38;5;9:*.lrz=38;5;9:*.lz=38;5;9:*.lzo=38;5;9:*.xz=38;5;9:*.bz2=38;5;9:*.bz=38;5;9:*.tbz=38;5;9:*.tbz2=38;5;9:*.tz=38;5;9:*.deb=38;5;9:*.rpm=38;5;9:*.jar=38;5;9:*.war=38;5;9:*.ear=38;5;9:*.sar=38;5;9:*.rar=38;5;9:*.alz=38;5;9:*.ace=38;5;9:*.zoo=38;5;9:*.cpio=38;5;9:*.7z=38;5;9:*.rz=38;5;9:*.cab=38;5;9:*.jpg=38;5;13:*.jpeg=38;5;13:*.gif=38;5;13:*.bmp=38;5;13:*.pbm=38;5;13:*.pgm=38;5;13:*.ppm=38;5;13:*.tga=38;5;13:*.xbm=38;5;13:*.xpm=38;5;13:*.tif=38;5;13:*.tiff=38;5;13:*.png=38;5;13:*.svg=38;5;13:*.svgz=38;5;13:*.mng=38;5;13:*.pcx=38;5;13:*.mov=38;5;13:*.mpg=38;5;13:*.mpeg=38;5;13:*.m2v=38;5;13:*.mkv=38;5;13:*.webm=38;5;13:*.ogm=38;5;13:*.mp4=38;5;13:*.m4v=38;5;13:*.mp4v=38;5;13:*.vob=38;5;13:*.qt=38;5;13:*.nuv=38;5;13:*.wmv=38;5;13:*.asf=38;5;13:*.rm=38;5;13:*.rmvb=38;5;13:*.flc=38;5;13:*.avi=38;5;13:*.fli=38;5;13:*.flv=38;5;13:*.gl=38;5;13:*.dl=38;5;13:*.xcf=38;5;13:*.xwd=38;5;13:*.yuv=38;5;13:*.cgm=38;5;13:*.emf=38;5;13:*.axv=38;5;13:*.anx=38;5;13:*.ogv=38;5;13:*.ogx=38;5;13:*.aac=38;5;45:*.au=38;5;45:*.flac=38;5;45:*.mid=38;5;45:*.midi=38;5;45:*.mka=38;5;45:*.mp3=38;5;45:*.mpc=38;5;45:*.ogg=38;5;45:*.ra=38;5;45:*.wav=38;5;45:*.axa=38;5;45:*.oga=38;5;45:*.spx=38;5;45:*.xspf=38;5;45:",
            "MAIL": "/var/mail/ec2-user",
            "PATH": "/usr/local/bin:/usr/bin",
            "PWD": "/home/ec2-user",
            "SHELL": "/bin/bash",
            "SHLVL": "2",
            "SSH_CLIENT": "44.211.225.205 59394 22",
            "SSH_CONNECTION": "44.211.225.205 59394 172.31.4.2 22",
            "SSH_TTY": "/dev/pts/1",
            "TERM": "xterm-256color",
            "USER": "ec2-user",
            "XDG_RUNTIME_DIR": "/run/user/1000",
            "XDG_SESSION_ID": "12",
            "_": "/usr/bin/python"
        },
        "ansible_eth0": {
            "active": true,
            "device": "eth0",
            "features": {
                "esp_hw_offload": "off [fixed]",
                "esp_tx_csum_hw_offload": "off [fixed]",
                "fcoe_mtu": "off [fixed]",
                "generic_receive_offload": "on",
                "generic_segmentation_offload": "on",
                "highdma": "on",
                "hw_tc_offload": "off [fixed]",
                "l2_fwd_offload": "off [fixed]",
                "large_receive_offload": "off [fixed]",
                "loopback": "off [fixed]",
                "netns_local": "off [fixed]",
                "ntuple_filters": "off [fixed]",
                "receive_hashing": "on",
                "rx_all": "off [fixed]",
                "rx_checksumming": "off [fixed]",
                "rx_fcs": "off [fixed]",
                "rx_udp_tunnel_port_offload": "off [fixed]",
                "rx_vlan_filter": "off [fixed]",
                "rx_vlan_offload": "off [fixed]",
                "rx_vlan_stag_filter": "off [fixed]",
                "rx_vlan_stag_hw_parse": "off [fixed]",
                "scatter_gather": "on",
                "tcp_segmentation_offload": "off",
                "tx_checksum_fcoe_crc": "off [fixed]",
                "tx_checksum_ip_generic": "off [fixed]",
                "tx_checksum_ipv4": "on",
                "tx_checksum_ipv6": "off [fixed]",
                "tx_checksum_sctp": "off [fixed]",
                "tx_checksumming": "on",
                "tx_esp_segmentation": "off [fixed]",
                "tx_fcoe_segmentation": "off [fixed]",
                "tx_gre_csum_segmentation": "off [fixed]",
                "tx_gre_segmentation": "off [fixed]",
                "tx_gso_partial": "off [fixed]",
                "tx_gso_robust": "off [fixed]",
                "tx_ipxip4_segmentation": "off [fixed]",
                "tx_ipxip6_segmentation": "off [fixed]",
                "tx_lockless": "off [fixed]",
                "tx_nocache_copy": "off",
                "tx_scatter_gather": "on",
                "tx_scatter_gather_fraglist": "off [fixed]",
                "tx_sctp_segmentation": "off [fixed]",
                "tx_tcp6_segmentation": "off [fixed]",
                "tx_tcp_ecn_segmentation": "off [fixed]",
                "tx_tcp_mangleid_segmentation": "off [fixed]",
                "tx_tcp_segmentation": "off [fixed]",
                "tx_udp_tnl_csum_segmentation": "off [fixed]",
                "tx_udp_tnl_segmentation": "off [fixed]",
                "tx_vlan_offload": "off [fixed]",
                "tx_vlan_stag_hw_insert": "off [fixed]",
                "udp_fragmentation_offload": "off",
                "vlan_challenged": "off [fixed]"
            },
            "hw_timestamp_filters": [],
            "ipv4": {
                "address": "172.31.4.2",
                "broadcast": "172.31.15.255",
                "netmask": "255.255.240.0",
                "network": "172.31.0.0"
            },
            "ipv6": [
                {
                    "address": "fe80::61:29ff:fef0:28ed",
                    "prefix": "64",
                    "scope": "link"
                }
            ],
            "macaddress": "02:61:29:f0:28:ed",
            "module": "ena",
            "mtu": 9001,
            "pciid": "0000:00:05.0",
            "promisc": false,
            "timestamping": [
                "tx_software",
                "rx_software",
                "software"
            ],
            "type": "ether"
        },
        "ansible_fibre_channel_wwn": [],
        "ansible_fips": false,
        "ansible_form_factor": "Other",
        "ansible_fqdn": "ip-172-31-4-2.ec2.internal",
        "ansible_hostname": "ip-172-31-4-2",
        "ansible_hostnqn": "",
        "ansible_interfaces": [
            "lo",
            "eth0"
        ],
        "ansible_is_chroot": true,
        "ansible_iscsi_iqn": "",
        "ansible_kernel": "4.14.314-237.533.amzn2.x86_64",
        "ansible_kernel_version": "#1 SMP Thu May 4 09:55:30 UTC 2023",
        "ansible_lo": {
            "active": true,
            "device": "lo",
            "features": {
                "esp_hw_offload": "off [fixed]",
                "esp_tx_csum_hw_offload": "off [fixed]",
                "fcoe_mtu": "off [fixed]",
                "generic_receive_offload": "on",
                "generic_segmentation_offload": "on",
                "highdma": "on [fixed]",
                "hw_tc_offload": "off [fixed]",
                "l2_fwd_offload": "off [fixed]",
                "large_receive_offload": "off [fixed]",
                "loopback": "on [fixed]",
                "netns_local": "on [fixed]",
                "ntuple_filters": "off [fixed]",
                "receive_hashing": "off [fixed]",
                "rx_all": "off [fixed]",
                "rx_checksumming": "on [fixed]",
                "rx_fcs": "off [fixed]",
                "rx_udp_tunnel_port_offload": "off [fixed]",
                "rx_vlan_filter": "off [fixed]",
                "rx_vlan_offload": "off [fixed]",
                "rx_vlan_stag_filter": "off [fixed]",
                "rx_vlan_stag_hw_parse": "off [fixed]",
                "scatter_gather": "on",
                "tcp_segmentation_offload": "on",
                "tx_checksum_fcoe_crc": "off [fixed]",
                "tx_checksum_ip_generic": "on [fixed]",
                "tx_checksum_ipv4": "off [fixed]",
                "tx_checksum_ipv6": "off [fixed]",
                "tx_checksum_sctp": "on [fixed]",
                "tx_checksumming": "on",
                "tx_esp_segmentation": "off [fixed]",
                "tx_fcoe_segmentation": "off [fixed]",
                "tx_gre_csum_segmentation": "off [fixed]",
                "tx_gre_segmentation": "off [fixed]",
                "tx_gso_partial": "off [fixed]",
                "tx_gso_robust": "off [fixed]",
                "tx_ipxip4_segmentation": "off [fixed]",
                "tx_ipxip6_segmentation": "off [fixed]",
                "tx_lockless": "on [fixed]",
                "tx_nocache_copy": "off [fixed]",
                "tx_scatter_gather": "on [fixed]",
                "tx_scatter_gather_fraglist": "on [fixed]",
                "tx_sctp_segmentation": "on",
                "tx_tcp6_segmentation": "on",
                "tx_tcp_ecn_segmentation": "on",
                "tx_tcp_mangleid_segmentation": "on",
                "tx_tcp_segmentation": "on",
                "tx_udp_tnl_csum_segmentation": "off [fixed]",
                "tx_udp_tnl_segmentation": "off [fixed]",
                "tx_vlan_offload": "off [fixed]",
                "tx_vlan_stag_hw_insert": "off [fixed]",
                "udp_fragmentation_offload": "off",
                "vlan_challenged": "on [fixed]"
            },
            "hw_timestamp_filters": [],
            "ipv4": {
                "address": "127.0.0.1",
                "broadcast": "",
                "netmask": "255.0.0.0",
                "network": "127.0.0.0"
            },
            "ipv6": [
                {
                    "address": "::1",
                    "prefix": "128",
                    "scope": "host"
                }
            ],
            "mtu": 65536,
            "promisc": false,
            "timestamping": [
                "tx_software",
                "rx_software",
                "software"
            ],
            "type": "loopback"
        },
        "ansible_local": {},
        "ansible_lsb": {},
        "ansible_machine": "x86_64",
        "ansible_machine_id": "ec26db9e0ecd00fbad497cfa9ea11a71",
        "ansible_memfree_mb": 1603,
        "ansible_memory_mb": {
            "nocache": {
                "free": 1814,
                "used": 128
            },
            "real": {
                "free": 1603,
                "total": 1942,
                "used": 339
            },
            "swap": {
                "cached": 0,
                "free": 0,
                "total": 0,
                "used": 0
            }
        },
        "ansible_memtotal_mb": 1942,
        "ansible_mounts": [
            {
                "block_available": 1693079,
                "block_size": 4096,
                "block_total": 2094075,
                "block_used": 400996,
                "device": "/dev/nvme0n1p1",
                "fstype": "xfs",
                "inode_available": 4144433,
                "inode_total": 4193216,
                "inode_used": 48783,
                "mount": "/",
                "options": "rw,noatime,attr2,inode64,noquota",
                "size_available": 6934851584,
                "size_total": 8577331200,
                "uuid": "9697d457-123c-483b-a84c-efd437479b18"
            }
        ],
        "ansible_nodename": "ip-172-31-4-2.ec2.internal",
        "ansible_os_family": "RedHat",
        "ansible_pkg_mgr": "yum",
        "ansible_proc_cmdline": {
            "BOOT_IMAGE": "/boot/vmlinuz-4.14.314-237.533.amzn2.x86_64",
            "biosdevname": "0",
            "console": [
                "tty0",
                "ttyS0,115200n8"
            ],
            "net.ifnames": "0",
            "nvme_core.io_timeout": "4294967295",
            "rd.emergency": "poweroff",
            "rd.shell": "0",
            "ro": true,
            "root": "UUID=9697d457-123c-483b-a84c-efd437479b18"
        },
        "ansible_processor": [
            "0",
            "GenuineIntel",
            "Intel(R) Xeon(R) Platinum 8259CL CPU @ 2.50GHz",
            "1",
            "GenuineIntel",
            "Intel(R) Xeon(R) Platinum 8259CL CPU @ 2.50GHz"
        ],
        "ansible_processor_cores": 1,
        "ansible_processor_count": 1,
        "ansible_processor_nproc": 2,
        "ansible_processor_threads_per_core": 2,
        "ansible_processor_vcpus": 2,
        "ansible_product_name": "t3.small",
        "ansible_product_serial": "NA",
        "ansible_product_uuid": "NA",
        "ansible_product_version": "NA",
        "ansible_python": {
            "executable": "/usr/bin/python",
            "has_sslcontext": true,
            "type": "CPython",
            "version": {
                "major": 2,
                "micro": 18,
                "minor": 7,
                "releaselevel": "final",
                "serial": 0
            },
            "version_info": [
                2,
                7,
                18,
                "final",
                0
            ]
        },
        "ansible_python_version": "2.7.18",
        "ansible_real_group_id": 1000,
        "ansible_real_user_id": 1000,
        "ansible_selinux": {
            "status": "disabled"
        },
        "ansible_selinux_python_present": true,
        "ansible_service_mgr": "systemd",
        "ansible_ssh_host_key_ecdsa_public": "AAAAE2VjZHNhLXNoYTItbmlzdHAyNTYAAAAIbmlzdHAyNTYAAABBBCTwS5FNNR2r0/dYFgkOI7ZJ9XMPwSTnttiJuUlpluL0fCeNRx6HNMGXcdkTh+tNd+CDrPSRKZn9e5Fa8bc/7Mg=",
        "ansible_ssh_host_key_ecdsa_public_keytype": "ecdsa-sha2-nistp256",
        "ansible_ssh_host_key_ed25519_public": "AAAAC3NzaC1lZDI1NTE5AAAAINZJUyTNpLRtbIfQMdkdKZDu3P+xzsF0LXoFbutCNbPo",
        "ansible_ssh_host_key_ed25519_public_keytype": "ssh-ed25519",
        "ansible_ssh_host_key_rsa_public": "AAAAB3NzaC1yc2EAAAADAQABAAABAQCvJafRmjyA2ewo+Ikqy3N+nblVHUkxV3O8RqvgfqiaHJr0BLmyIXVhLvsE2GHnzzo5UXdfDWc/NY7dfI0z2/eKpfLUcmMrnktcFBgK9Cq7AZJyEjECoblPL5/N4SdBfRlWXnl+chkdfW9+uXOKEIfUrlq6CGvkouUQ4T7iOuC2i0bc4xmVvXMGvTylHM76OvkMrwjOWo3XTAvl5rt+8IUOToB+MrQyEO6Vk/Ze4R9I4V0eKp5gZ1680AFA9sWd053qpoZAxX3N//87U5h9iCMM6D01+MLoDm48/pYVqC64NdGqi8/YioY2rt/i9aEiBre0tSL6nG3kAYgypHxMIwRh",
        "ansible_ssh_host_key_rsa_public_keytype": "ssh-rsa",
        "ansible_swapfree_mb": 0,
        "ansible_swaptotal_mb": 0,
        "ansible_system": "Linux",
        "ansible_system_capabilities": [
            ""
        ],
        "ansible_system_capabilities_enforced": "True",
        "ansible_system_vendor": "Amazon EC2",
        "ansible_uptime_seconds": 2635,
        "ansible_user_dir": "/home/ec2-user",
        "ansible_user_gecos": "EC2 Default User",
        "ansible_user_gid": 1000,
        "ansible_user_id": "ec2-user",
        "ansible_user_shell": "/bin/bash",
        "ansible_user_uid": 1000,
        "ansible_userspace_architecture": "x86_64",
        "ansible_userspace_bits": "64",
        "ansible_virtualization_role": "guest",
        "ansible_virtualization_tech_guest": [
            "kvm"
        ],
        "ansible_virtualization_tech_host": [],
        "ansible_virtualization_type": "kvm",
        "discovered_interpreter_python": "/usr/bin/python",
        "gather_subset": [
            "all"
        ],
        "module_setup": true
    },
    "changed": false
}
